{
  "RSpec": {
    "coverage": {
      "/home/herik/projeto-agil/spec/controllers/accounts_controller_spec.rb": [
        1,
        null,
        1,
        null,
        null
      ],
      "/home/herik/projeto-agil/spec/rails_helper.rb": [
        null,
        1,
        1,
        null,
        1,
        1,
        1,
        1,
        null,
        null,
        null,
        null,
        null,
        null,
        null,
        null,
        null,
        null,
        null,
        null,
        null,
        null,
        null,
        null,
        null,
        null,
        null,
        1,
        null,
        1,
        null,
        1,
        1,
        null,
        null,
        null,
        1,
        null,
        null,
        null,
        null,
        null,
        null,
        null,
        null,
        null,
        null,
        null,
        null,
        null,
        null,
        1,
        null,
        null,
        1,
        null,
        null,
        null
      ],
      "/home/herik/projeto-agil/config/environment.rb": [
        null,
        1,
        null,
        null,
        1
      ],
      "/home/herik/projeto-agil/config/application.rb": [
        1,
        null,
        1,
        null,
        null,
        null,
        1,
        null,
        1,
        1,
        null,
        null,
        null,
        null,
        null
      ],
      "/home/herik/projeto-agil/config/boot.rb": [
        1,
        null,
        1
      ],
      "/home/herik/projeto-agil/config/environments/test.rb": [
        1,
        null,
        null,
        null,
        null,
        null,
        null,
        1,
        null,
        null,
        null,
        null,
        1,
        null,
        null,
        1,
        1,
        null,
        null,
        null,
        null,
        1,
        1,
        null,
        null,
        1,
        null,
        null,
        1,
        null,
        1,
        1,
        1,
        1,
        null,
        null,
        null,
        null,
        1,
        null,
        null,
        null,
        null,
        null,
        null,
        null,
        null,
        null,
        1,
        null,
        null,
        null,
        null
      ],
      "/home/herik/projeto-agil/config/initializers/application_controller_renderer.rb": [
        null,
        null,
        null,
        null,
        null,
        null
      ],
      "/home/herik/projeto-agil/config/initializers/assets.rb": [
        null,
        null,
        null,
        1,
        null,
        null,
        null,
        null,
        null,
        null,
        null
      ],
      "/home/herik/projeto-agil/config/initializers/backtrace_silencers.rb": [
        null,
        null,
        null,
        null,
        null,
        null,
        null
      ],
      "/home/herik/projeto-agil/config/initializers/cookies_serializer.rb": [
        null,
        null,
        null,
        null,
        1
      ],
      "/home/herik/projeto-agil/config/initializers/filter_parameter_logging.rb": [
        null,
        null,
        null,
        1
      ],
      "/home/herik/projeto-agil/config/initializers/inflections.rb": [
        null,
        null,
        null,
        null,
        null,
        null,
        null,
        null,
        null,
        null,
        null,
        null,
        null,
        null,
        null,
        null
      ],
      "/home/herik/projeto-agil/config/initializers/mime_types.rb": [
        null,
        null,
        null,
        null
      ],
      "/home/herik/projeto-agil/config/initializers/new_framework_defaults.rb": [
        null,
        null,
        null,
        null,
        null,
        null,
        null,
        1,
        null,
        null,
        1,
        null,
        null,
        null,
        1,
        null,
        null,
        1,
        null,
        null,
        1,
        null,
        null,
        1
      ],
      "/home/herik/projeto-agil/config/initializers/session_store.rb": [
        null,
        null,
        1
      ],
      "/home/herik/projeto-agil/config/initializers/wrap_parameters.rb": [
        null,
        null,
        null,
        null,
        null,
        null,
        1,
        2,
        null,
        null,
        null,
        null,
        null,
        null
      ],
      "/home/herik/projeto-agil/app/helpers/application_helper.rb": [
        1,
        null
      ],
      "/home/herik/projeto-agil/app/helpers/categories_helper.rb": [
        1,
        null
      ],
      "/home/herik/projeto-agil/app/helpers/login_helper.rb": [
        1,
        null
      ],
      "/home/herik/projeto-agil/app/helpers/users_helper.rb": [
        1,
        null
      ],
      "/home/herik/projeto-agil/app/helpers/welcome_helper.rb": [
        1,
        null
      ],
      "/home/herik/projeto-agil/spec/factories/accounts.rb": [
        1,
        1,
        1,
        null,
        null
      ],
      "/home/herik/projeto-agil/spec/factories/categories.rb": [
        1,
        1,
        1,
        1,
        null,
        null
      ],
      "/home/herik/projeto-agil/spec/factories/transactions.rb": [
        1,
        1,
        null,
        null,
        null
      ],
      "/home/herik/projeto-agil/config/routes.rb": [
        1,
        1,
        1,
        1,
        1,
        1,
        1,
        1,
        1,
        1,
        1,
        1,
        1,
        1,
        1,
        1,
        1,
        1,
        1,
        1,
        1,
        1,
        1,
        1,
        1,
        null
      ],
      "/home/herik/projeto-agil/app/controllers/accounts_controller.rb": [
        1,
        null,
        1,
        0,
        null,
        null,
        1,
        0,
        0,
        0,
        null,
        null,
        1,
        0,
        0,
        null,
        null
      ],
      "/home/herik/projeto-agil/app/controllers/application_controller.rb": [
        1,
        1,
        1,
        null,
        1,
        30,
        null,
        null,
        30,
        59,
        23,
        16,
        15,
        15,
        15,
        5,
        null,
        null,
        null,
        null
      ],
      "/home/herik/projeto-agil/spec/controllers/application_controller_spec.rb": [
        1,
        null,
        1,
        1,
        1,
        1,
        1,
        1,
        null,
        null,
        null,
        null
      ],
      "/home/herik/projeto-agil/app/controllers/users_controller.rb": [
        null,
        1,
        1,
        7,
        null,
        null,
        1,
        null,
        null,
        1,
        null,
        null,
        1,
        0,
        0,
        0,
        0,
        0,
        0,
        0,
        null,
        0,
        0,
        0,
        null,
        null,
        1,
        1,
        1,
        null,
        null,
        1,
        3,
        3,
        3,
        1,
        1,
        2,
        1,
        1,
        null,
        1,
        1,
        1,
        1,
        1,
        null,
        null,
        null,
        1,
        6,
        6,
        6,
        6,
        6,
        null,
        6,
        1,
        1,
        5,
        1,
        1,
        4,
        1,
        1,
        3,
        1,
        1,
        2,
        1,
        1,
        null,
        1,
        1,
        null,
        null,
        null
      ],
      "/home/herik/projeto-agil/spec/controllers/categories_controller_spec.rb": [
        1,
        null,
        1,
        null,
        1,
        2,
        null,
        1,
        1,
        null,
        null,
        1,
        1,
        1,
        null,
        null,
        null,
        1,
        1,
        1,
        null,
        1,
        null,
        1,
        null,
        null,
        1,
        null,
        null,
        null,
        null,
        null,
        null,
        null,
        null,
        null
      ],
      "/home/herik/projeto-agil/app/controllers/categories_controller.rb": [
        1,
        1,
        null,
        1,
        1,
        null,
        null,
        1,
        0,
        null,
        null,
        1,
        null,
        0,
        0,
        null,
        null,
        null,
        1,
        1,
        1,
        1,
        1,
        null,
        1,
        0,
        0,
        null,
        1,
        1,
        null,
        null,
        null,
        1,
        1,
        0,
        null,
        null,
        1,
        0,
        null,
        null
      ],
      "/home/herik/projeto-agil/spec/controllers/login_controller_spec.rb": [
        1,
        null,
        1,
        1,
        4,
        4,
        null,
        null,
        1,
        6,
        6,
        6,
        6,
        6,
        null,
        null,
        1,
        1,
        1,
        1,
        1,
        null,
        null,
        null,
        1,
        1,
        1,
        null,
        1,
        1,
        null,
        1,
        1,
        null,
        1,
        1,
        null,
        1,
        1,
        1,
        null,
        null,
        null
      ],
      "/home/herik/projeto-agil/app/controllers/login_controller.rb": [
        null,
        1,
        1,
        null,
        null,
        1,
        5,
        5,
        5,
        null,
        5,
        1,
        1,
        4,
        1,
        1,
        3,
        1,
        1,
        null,
        2,
        2,
        1,
        1,
        1,
        0,
        0,
        null,
        1,
        1,
        null,
        null,
        null,
        null
      ],
      "/home/herik/projeto-agil/spec/controllers/transaction_controller_spec.rb": [
        null,
        1,
        null,
        1,
        1,
        3,
        null,
        1,
        1,
        1,
        null,
        1,
        1,
        1,
        1,
        1,
        null,
        null,
        null,
        1,
        1,
        1,
        null,
        null,
        1,
        1,
        null,
        null,
        1,
        1,
        null,
        null,
        1,
        1,
        null,
        null,
        null,
        null
      ],
      "/home/herik/projeto-agil/app/controllers/transactions_controller.rb": [
        null,
        1,
        1,
        2,
        2,
        null,
        null,
        1,
        0,
        0,
        0,
        0,
        0,
        0,
        0,
        null,
        0,
        0,
        null,
        0,
        null,
        null,
        1,
        0,
        null,
        null
      ],
      "/home/herik/projeto-agil/spec/controllers/users_controller_spec.rb": [
        1,
        null,
        1,
        1,
        2,
        2,
        2,
        null,
        null,
        null,
        1,
        1,
        1,
        1,
        1,
        1,
        1,
        null,
        null,
        null,
        1,
        1,
        1,
        1,
        null,
        null,
        1,
        1,
        1,
        null,
        null,
        1,
        1,
        1,
        null,
        null,
        1,
        1,
        1,
        null,
        null,
        1,
        1,
        1,
        null,
        1,
        1,
        null,
        null,
        null,
        1,
        1,
        1,
        1,
        1,
        1,
        null,
        null,
        null,
        1,
        1,
        1,
        null,
        null,
        1,
        1,
        null,
        null,
        null,
        1,
        1,
        1,
        1,
        1,
        1,
        1,
        1,
        1,
        null,
        null,
        null,
        null,
        1,
        1,
        1,
        1,
        1,
        null,
        null,
        null,
        1,
        1,
        1,
        1,
        null,
        null,
        null
      ],
      "/home/herik/projeto-agil/spec/controllers/welcome_controller_spec.rb": [
        1,
        null,
        1,
        1,
        1,
        1,
        null,
        null,
        1,
        1,
        1,
        1,
        null,
        null
      ],
      "/home/herik/projeto-agil/app/controllers/welcome_controller.rb": [
        1,
        1,
        null,
        null
      ],
      "/home/herik/projeto-agil/spec/models/account_spec.rb": [
        1,
        null,
        1,
        1,
        1,
        1,
        1,
        1,
        null,
        null,
        null,
        1,
        1,
        1,
        1,
        null,
        1,
        null,
        null,
        null,
        null,
        null
      ],
      "/home/herik/projeto-agil/app/models/account.rb": [
        1,
        1,
        null,
        1,
        null,
        1,
        1,
        null,
        null,
        null
      ],
      "/home/herik/projeto-agil/app/models/application_record.rb": [
        1,
        1,
        null
      ],
      "/home/herik/projeto-agil/spec/models/category_spec.rb": [
        1,
        null,
        1,
        null,
        1,
        5,
        5,
        5,
        null,
        null,
        1,
        1,
        1,
        null,
        null,
        1,
        1,
        1,
        null,
        null,
        1,
        1,
        1,
        1,
        null,
        null,
        1,
        1,
        1,
        null,
        null,
        1,
        1,
        null,
        null,
        null
      ],
      "/home/herik/projeto-agil/app/models/category.rb": [
        1,
        1,
        null,
        1,
        1,
        null,
        1,
        6,
        null,
        6,
        6,
        null,
        null,
        2,
        null,
        null,
        6,
        4,
        null,
        2,
        null,
        null,
        null,
        1,
        0,
        null,
        0,
        0,
        null,
        0,
        null,
        null,
        0,
        0,
        null,
        0,
        null,
        null,
        null,
        null
      ],
      "/home/herik/projeto-agil/spec/models/transaction_spec.rb": [
        1,
        null,
        1,
        1,
        1,
        1,
        null,
        1,
        1,
        1,
        null,
        1,
        1,
        1,
        null,
        1,
        1,
        1,
        null,
        1,
        1,
        1,
        1,
        1,
        1,
        1,
        1,
        1,
        null,
        null,
        1,
        1,
        1,
        null,
        null,
        1,
        1,
        1,
        null,
        null,
        1,
        1,
        1,
        null,
        null
      ],
      "/home/herik/projeto-agil/app/models/transaction.rb": [
        1,
        1,
        1,
        1,
        null,
        1,
        null
      ],
      "/home/herik/projeto-agil/spec/models/user_spec.rb": [
        1,
        null,
        1,
        1,
        9,
        9,
        9,
        9,
        null,
        null,
        1,
        1,
        1,
        null,
        1,
        1,
        null,
        1,
        1,
        1,
        null,
        1,
        1,
        null,
        null,
        null,
        1,
        1,
        1,
        null,
        1,
        null,
        1,
        1,
        1,
        null,
        null,
        null,
        1,
        1,
        1,
        null,
        1,
        null,
        1,
        1,
        1,
        1,
        1,
        null,
        null,
        null,
        null,
        1,
        1,
        1,
        1,
        1,
        1,
        null,
        1,
        1,
        1,
        1,
        1,
        null,
        null,
        null,
        1,
        1,
        1,
        1,
        null,
        1,
        3,
        null,
        null,
        1,
        null,
        null,
        null
      ],
      "/home/herik/projeto-agil/app/models/user.rb": [
        1,
        1,
        1,
        1,
        null,
        1,
        16,
        null,
        16,
        16,
        null,
        null,
        null,
        1,
        null,
        null,
        16,
        15,
        null,
        1,
        null,
        null,
        null,
        1,
        16,
        16,
        null,
        null,
        1,
        7,
        null,
        null,
        1,
        9,
        9,
        9,
        7,
        null,
        9,
        1,
        null,
        8,
        8,
        8,
        6,
        6,
        0,
        null,
        6,
        6,
        null,
        6,
        6,
        6,
        null,
        2,
        2,
        2,
        null,
        null,
        null,
        null,
        1,
        3,
        null,
        3,
        3,
        null,
        null,
        1,
        null,
        null,
        3,
        2,
        null,
        1,
        null,
        null,
        null
      ]
    },
    "timestamp": 1481172852
  }
}
