{
  "RSpec": {
    "coverage": {
      "/home/lucas/Workspace/projeto-agil/spec/controllers/transaction_controller_spec.rb": [
        null,
        1,
        null,
        1,
        1,
        3,
        null,
        1,
        1,
        1,
        null,
        1,
        1,
        1,
        1,
        1,
        null,
        null,
        null,
        1,
        1,
        1,
        null,
        null,
        1,
        1,
        null,
        null,
        1,
        1,
        null,
        null,
        1,
        1,
        null,
        null,
        null,
        null
      ],
      "/home/lucas/Workspace/projeto-agil/spec/rails_helper.rb": [
        null,
        1,
        1,
        null,
        1,
        1,
        1,
        1,
        null,
        null,
        null,
        null,
        null,
        null,
        null,
        null,
        null,
        null,
        null,
        null,
        null,
        null,
        null,
        null,
        null,
        null,
        null,
        1,
        null,
        1,
        null,
        1,
        1,
        null,
        null,
        null,
        1,
        null,
        null,
        null,
        null,
        null,
        null,
        null,
        null,
        null,
        null,
        null,
        null,
        null,
        null,
        1,
        null,
        null,
        1,
        null,
        null,
        null
      ],
      "/home/lucas/Workspace/projeto-agil/config/environment.rb": [
        null,
        1,
        null,
        null,
        1
      ],
      "/home/lucas/Workspace/projeto-agil/config/application.rb": [
        1,
        null,
        1,
        null,
        null,
        null,
        1,
        null,
        1,
        1,
        null,
        null,
        null,
        null,
        null
      ],
      "/home/lucas/Workspace/projeto-agil/config/boot.rb": [
        1,
        null,
        1
      ],
      "/home/lucas/Workspace/projeto-agil/config/environments/test.rb": [
        1,
        null,
        null,
        null,
        null,
        null,
        null,
        1,
        null,
        null,
        null,
        null,
        1,
        null,
        null,
        1,
        1,
        null,
        null,
        null,
        null,
        1,
        1,
        null,
        null,
        1,
        null,
        null,
        1,
        null,
        1,
        1,
        1,
        1,
        null,
        null,
        null,
        null,
        1,
        null,
        null,
        null,
        null,
        null,
        null,
        null,
        null,
        null,
        1,
        null,
        null,
        null,
        null
      ],
      "/home/lucas/Workspace/projeto-agil/config/initializers/application_controller_renderer.rb": [
        null,
        null,
        null,
        null,
        null,
        null
      ],
      "/home/lucas/Workspace/projeto-agil/config/initializers/assets.rb": [
        null,
        null,
        null,
        1,
        null,
        null,
        null,
        null,
        null,
        null,
        null
      ],
      "/home/lucas/Workspace/projeto-agil/config/initializers/backtrace_silencers.rb": [
        null,
        null,
        null,
        null,
        null,
        null,
        null
      ],
      "/home/lucas/Workspace/projeto-agil/config/initializers/cookies_serializer.rb": [
        null,
        null,
        null,
        null,
        1
      ],
      "/home/lucas/Workspace/projeto-agil/config/initializers/filter_parameter_logging.rb": [
        null,
        null,
        null,
        1
      ],
      "/home/lucas/Workspace/projeto-agil/config/initializers/inflections.rb": [
        null,
        null,
        null,
        null,
        null,
        null,
        null,
        null,
        null,
        null,
        null,
        null,
        null,
        null,
        null,
        null
      ],
      "/home/lucas/Workspace/projeto-agil/config/initializers/mime_types.rb": [
        null,
        null,
        null,
        null
      ],
      "/home/lucas/Workspace/projeto-agil/config/initializers/new_framework_defaults.rb": [
        null,
        null,
        null,
        null,
        null,
        null,
        null,
        1,
        null,
        null,
        1,
        null,
        null,
        null,
        1,
        null,
        null,
        1,
        null,
        null,
        1,
        null,
        null,
        1
      ],
      "/home/lucas/Workspace/projeto-agil/config/initializers/session_store.rb": [
        null,
        null,
        1
      ],
      "/home/lucas/Workspace/projeto-agil/config/initializers/wrap_parameters.rb": [
        null,
        null,
        null,
        null,
        null,
        null,
        1,
        2,
        null,
        null,
        null,
        null,
        null,
        null
      ],
      "/home/lucas/Workspace/projeto-agil/app/helpers/accounts_helper.rb": [
        1,
        1,
        0,
        0,
        0,
        0,
        null,
        null,
        null,
        0,
        null,
        null
      ],
      "/home/lucas/Workspace/projeto-agil/app/helpers/application_helper.rb": [
        1,
        null
      ],
      "/home/lucas/Workspace/projeto-agil/app/helpers/categories_helper.rb": [
        1,
        null
      ],
      "/home/lucas/Workspace/projeto-agil/app/helpers/login_helper.rb": [
        1,
        null
      ],
      "/home/lucas/Workspace/projeto-agil/app/helpers/users_helper.rb": [
        1,
        null
      ],
      "/home/lucas/Workspace/projeto-agil/app/helpers/welcome_helper.rb": [
        1,
        null
      ],
      "/home/lucas/Workspace/projeto-agil/spec/factories/accounts.rb": [
        1,
        1,
        1,
        null,
        null
      ],
      "/home/lucas/Workspace/projeto-agil/spec/factories/categories.rb": [
        1,
        1,
        1,
        1,
        null,
        null
      ],
      "/home/lucas/Workspace/projeto-agil/spec/factories/transactions.rb": [
        1,
        1,
        null,
        null,
        null
      ],
      "/home/lucas/Workspace/projeto-agil/config/routes.rb": [
        1,
        1,
        1,
        1,
        1,
        1,
        1,
        1,
        1,
        1,
        1,
        1,
        1,
        1,
        1,
        1,
        1,
        1,
        1,
        1,
        1,
        1,
        1,
        1,
        1,
        null
      ],
      "/home/lucas/Workspace/projeto-agil/app/controllers/transactions_controller.rb": [
        null,
        1,
        1,
        2,
        2,
        null,
        null,
        1,
        0,
        0,
        0,
        0,
        0,
        0,
        0,
        null,
        0,
        0,
        null,
        0,
        null,
        null,
        1,
        0,
        null,
        null
      ],
      "/home/lucas/Workspace/projeto-agil/app/controllers/application_controller.rb": [
        1,
        1,
        1,
        null,
        1,
        6,
        null,
        null,
        6,
        12,
        6,
        6,
        6,
        6,
        6,
        4,
        null,
        null,
        null,
        null
      ],
      "/home/lucas/Workspace/projeto-agil/app/models/transaction.rb": [
        1,
        1,
        1,
        1,
        null,
        1,
        null
      ],
      "/home/lucas/Workspace/projeto-agil/app/models/application_record.rb": [
        1,
        1,
        null,
        1,
        0,
        0,
        null,
        0,
        null,
        null,
        null
      ],
      "/home/lucas/Workspace/projeto-agil/app/models/account.rb": [
        1,
        1,
        null,
        1,
        null,
        null,
        null,
        null,
        null,
        null,
        null,
        null,
        null,
        null,
        null,
        null,
        null,
        null,
        null,
        null,
        null,
        null,
        null,
        1,
        0,
        0,
        null,
        null,
        null,
        1,
        0,
        0,
        null,
        null,
        null,
        1,
        0,
        null,
        null,
        null
      ],
      "/home/lucas/Workspace/projeto-agil/app/models/category.rb": [
        1,
        1,
        null,
        1,
        1,
        null,
        1,
        0,
        null,
        0,
        0,
        null,
        null,
        0,
        null,
        null,
        0,
        null,
        null,
        1,
        0,
        null,
        0,
        0,
        null,
        0,
        null,
        null,
        0,
        0,
        null,
        0,
        null,
        null,
        null,
        null
      ]
    },
    "timestamp": 1481251857
  }
}
